<?xml version="1.0" encoding="UTF-8"?>
<!-- Generated by org.testng.reporters.JUnitReportReporter -->
<testsuite hostname="WS-16454" failures="0" tests="1" name="test.firstPractice" time="0.008" errors="0" timestamp="2024-01-21T23:35:25 IST" skipped="0">
  <testcase classname="test.firstPractice" name="secondMethod" time="0.008"/>
</testsuite> <!-- test.firstPractice -->
